Using pre-set license
Built from '2020.3/staging' branch; Version is '2020.3.0f1 (c7b5465681fb) revision 13088070'; Using compiler version '192528614'; Build Type 'Release'
OS: 'Windows 10 Home; OS build 19042.1052; Version 2009; 64bit' Language: 'en' Physical Memory: 16228 MB
BatchMode: 1, IsHumanControllingUs: 0, StartBugReporterOnCrash: 0, Is64bit: 1, IsPro: 0

 COMMAND LINE ARGUMENTS:
C:\Program Files\Unity\Hub\Editor\2020.3.0f1\Editor\Unity.exe
-adb2
-batchMode
-noUpm
-name
AssetImportWorker0
-projectPath
C:/Users/torje/Desktop/OsloCitySmackdown/OsloCitySmackdown
-logFile
Logs/AssetImportWorker0.log
-srvPort
52292
Successfully changed project path to: C:/Users/torje/Desktop/OsloCitySmackdown/OsloCitySmackdown
C:/Users/torje/Desktop/OsloCitySmackdown/OsloCitySmackdown
Using Asset Import Pipeline V2.
Refreshing native plugins compatible for Editor in 20.78 ms, found 0 plugins.
Preloading 0 native plugins for Editor in 0.00 ms.
Initialize engine version: 2020.3.0f1 (c7b5465681fb)
[Subsystems] Discovering subsystems at path C:/Program Files/Unity/Hub/Editor/2020.3.0f1/Editor/Data/Resources/UnitySubsystems
[Subsystems] Discovering subsystems at path C:/Users/torje/Desktop/OsloCitySmackdown/OsloCitySmackdown/Assets
GfxDevice: creating device client; threaded=0
Direct3D:
    Version:  Direct3D 11.0 [level 11.1]
    Renderer: NVIDIA GeForce GTX 1660 Ti (ID=0x2191)
    Vendor:   
    VRAM:     5991 MB
    Driver:   27.21.14.6627
Initialize mono
Mono path[0] = 'C:/Program Files/Unity/Hub/Editor/2020.3.0f1/Editor/Data/Managed'
Mono path[1] = 'C:/Program Files/Unity/Hub/Editor/2020.3.0f1/Editor/Data/MonoBleedingEdge/lib/mono/unityjit'
Mono config path = 'C:/Program Files/Unity/Hub/Editor/2020.3.0f1/Editor/Data/MonoBleedingEdge/etc'
Using monoOptions --debugger-agent=transport=dt_socket,embedding=1,server=y,suspend=n,address=127.0.0.1:56236
Begin MonoManager ReloadAssembly
Registering precompiled unity dll's ...
Register platform support module: C:/Program Files/Unity/Hub/Editor/2020.3.0f1/Editor/Data/PlaybackEngines/WindowsStandaloneSupport/UnityEditor.WindowsStandalone.Extensions.dll
Registered in 0.001919 seconds.
Native extension for WindowsStandalone target not found
Refreshing native plugins compatible for Editor in 22.28 ms, found 0 plugins.
Preloading 0 native plugins for Editor in 0.00 ms.
Invoked RoslynAnalysisRunner static constructor.
RoslynAnalysisRunner will not be running.
RoslynAnalysisRunner has terminated.
Mono: successfully reloaded assembly
- Completed reload, in  1.026 seconds
Platform modules already initialized, skipping
Registering precompiled user dll's ...
Registered in 0.000575 seconds.
Begin MonoManager ReloadAssembly
Native extension for WindowsStandalone target not found
Refreshing native plugins compatible for Editor in 0.28 ms, found 0 plugins.
Preloading 0 native plugins for Editor in 0.00 ms.
Invoked RoslynAnalysisRunner static constructor.
RoslynAnalysisRunner will not be running.
RoslynAnalysisRunner has terminated.
Mono: successfully reloaded assembly
- Completed reload, in  0.747 seconds
Platform modules already initialized, skipping
========================================================================
Worker process is ready to serve import requests
Launched and connected shader compiler UnityShaderCompiler.exe after 0.05 seconds
Refreshing native plugins compatible for Editor in 0.20 ms, found 0 plugins.
Preloading 0 native plugins for Editor in 0.00 ms.
Unloading 1115 Unused Serialized files (Serialized files now loaded: 0)
System memory in use before: 57.0 MB.
System memory in use after: 57.1 MB.

Unloading 10 unused Assets to reduce memory usage. Loaded Objects now: 1557.
Total: 2.446800 ms (FindLiveObjects: 0.235900 ms CreateObjectMapping: 0.118700 ms MarkObjects: 2.000200 ms  DeleteObjects: 0.091300 ms)

========================================================================
Received Import Request.
  path: Assets/Scripts/Enemy.cs
  artifactKey: Guid(e2fbed9173326804aac444b4e41a2713) Importer(815301076,1909f56bfc062723c751e8b465ee728b)
Start importing Assets/Scripts/Enemy.cs using Guid(e2fbed9173326804aac444b4e41a2713) Importer(815301076,1909f56bfc062723c751e8b465ee728b)  -> (artifact id: '02c6185343d8d407e222d41b078aef91') in 0.032124 seconds
  Import took 0.033858 seconds .

========================================================================
Received Import Request.
  Time since last request: 394.971020 seconds.
  path: Assets/Scripts/Enemy.cs
  artifactKey: Guid(e2fbed9173326804aac444b4e41a2713) Importer(815301076,1909f56bfc062723c751e8b465ee728b)
Start importing Assets/Scripts/Enemy.cs using Guid(e2fbed9173326804aac444b4e41a2713) Importer(815301076,1909f56bfc062723c751e8b465ee728b)  -> (artifact id: 'a0566d788a1ba53b0b3e630da4bc007b') in 0.002978 seconds
  Import took 0.006144 seconds .

========================================================================
Received Import Request.
  Time since last request: 111.770844 seconds.
  path: Assets/Scripts/Enemy.cs
  artifactKey: Guid(e2fbed9173326804aac444b4e41a2713) Importer(815301076,1909f56bfc062723c751e8b465ee728b)
Start importing Assets/Scripts/Enemy.cs using Guid(e2fbed9173326804aac444b4e41a2713) Importer(815301076,1909f56bfc062723c751e8b465ee728b)  -> (artifact id: 'b6dc4f4171673d2c5aec79e12980740e') in 0.002710 seconds
  Import took 0.005431 seconds .

AssetImportWorkerClient::OnTransportError - code=2 error=End of file
