Using pre-set license
Built from '2020.3/staging' branch; Version is '2020.3.0f1 (c7b5465681fb) revision 13088070'; Using compiler version '192528614'; Build Type 'Release'
OS: 'Windows 10 Home; OS build 19042.1052; Version 2009; 64bit' Language: 'en' Physical Memory: 16228 MB
BatchMode: 1, IsHumanControllingUs: 0, StartBugReporterOnCrash: 0, Is64bit: 1, IsPro: 0

 COMMAND LINE ARGUMENTS:
C:\Program Files\Unity\Hub\Editor\2020.3.0f1\Editor\Unity.exe
-adb2
-batchMode
-noUpm
-name
AssetImportWorker0
-projectPath
C:/Users/torje/Desktop/OsloCitySmackdown/OsloCitySmackdown
-logFile
Logs/AssetImportWorker0.log
-srvPort
54594
Successfully changed project path to: C:/Users/torje/Desktop/OsloCitySmackdown/OsloCitySmackdown
C:/Users/torje/Desktop/OsloCitySmackdown/OsloCitySmackdown
Using Asset Import Pipeline V2.
Refreshing native plugins compatible for Editor in 25.61 ms, found 0 plugins.
Preloading 0 native plugins for Editor in 0.00 ms.
Initialize engine version: 2020.3.0f1 (c7b5465681fb)
[Subsystems] Discovering subsystems at path C:/Program Files/Unity/Hub/Editor/2020.3.0f1/Editor/Data/Resources/UnitySubsystems
[Subsystems] Discovering subsystems at path C:/Users/torje/Desktop/OsloCitySmackdown/OsloCitySmackdown/Assets
GfxDevice: creating device client; threaded=0
Direct3D:
    Version:  Direct3D 11.0 [level 11.1]
    Renderer: NVIDIA GeForce GTX 1660 Ti (ID=0x2191)
    Vendor:   
    VRAM:     5991 MB
    Driver:   27.21.14.6627
Initialize mono
Mono path[0] = 'C:/Program Files/Unity/Hub/Editor/2020.3.0f1/Editor/Data/Managed'
Mono path[1] = 'C:/Program Files/Unity/Hub/Editor/2020.3.0f1/Editor/Data/MonoBleedingEdge/lib/mono/unityjit'
Mono config path = 'C:/Program Files/Unity/Hub/Editor/2020.3.0f1/Editor/Data/MonoBleedingEdge/etc'
Using monoOptions --debugger-agent=transport=dt_socket,embedding=1,server=y,suspend=n,address=127.0.0.1:56848
Begin MonoManager ReloadAssembly
Registering precompiled unity dll's ...
Register platform support module: C:/Program Files/Unity/Hub/Editor/2020.3.0f1/Editor/Data/PlaybackEngines/WindowsStandaloneSupport/UnityEditor.WindowsStandalone.Extensions.dll
Registered in 0.002099 seconds.
Native extension for WindowsStandalone target not found
Refreshing native plugins compatible for Editor in 22.60 ms, found 0 plugins.
Preloading 0 native plugins for Editor in 0.00 ms.
Invoked RoslynAnalysisRunner static constructor.
RoslynAnalysisRunner will not be running.
RoslynAnalysisRunner has terminated.
Mono: successfully reloaded assembly
- Completed reload, in  0.970 seconds
Platform modules already initialized, skipping
Registering precompiled user dll's ...
Registered in 0.000825 seconds.
Begin MonoManager ReloadAssembly
Native extension for WindowsStandalone target not found
Refreshing native plugins compatible for Editor in 0.17 ms, found 0 plugins.
Preloading 0 native plugins for Editor in 0.00 ms.
Invoked RoslynAnalysisRunner static constructor.
RoslynAnalysisRunner will not be running.
RoslynAnalysisRunner has terminated.
Mono: successfully reloaded assembly
- Completed reload, in  0.934 seconds
Platform modules already initialized, skipping
========================================================================
Worker process is ready to serve import requests
Launched and connected shader compiler UnityShaderCompiler.exe after 0.05 seconds
Refreshing native plugins compatible for Editor in 0.59 ms, found 0 plugins.
Preloading 0 native plugins for Editor in 0.00 ms.
Unloading 1115 Unused Serialized files (Serialized files now loaded: 0)
System memory in use before: 57.0 MB.
System memory in use after: 57.1 MB.

Unloading 10 unused Assets to reduce memory usage. Loaded Objects now: 1557.
Total: 2.214100 ms (FindLiveObjects: 0.272200 ms CreateObjectMapping: 0.155900 ms MarkObjects: 1.656500 ms  DeleteObjects: 0.128300 ms)

========================================================================
Received Import Request.
  path: Assets/Scripts/Player.cs
  artifactKey: Guid(8b729237540f3f94195ef413126596a9) Importer(815301076,1909f56bfc062723c751e8b465ee728b)
Start importing Assets/Scripts/Player.cs using Guid(8b729237540f3f94195ef413126596a9) Importer(815301076,1909f56bfc062723c751e8b465ee728b)  -> (artifact id: 'e9609c6505187a641ad9041f4df90eb8') in 0.026706 seconds
  Import took 0.029231 seconds .

========================================================================
Received Prepare
Registering precompiled user dll's ...
Registered in 0.001056 seconds.
Begin MonoManager ReloadAssembly
Native extension for WindowsStandalone target not found
Refreshing native plugins compatible for Editor in 0.17 ms, found 0 plugins.
Preloading 0 native plugins for Editor in 0.00 ms.
Invoked RoslynAnalysisRunner static constructor.
RoslynAnalysisRunner will not be running.
RoslynAnalysisRunner has terminated.
Mono: successfully reloaded assembly
- Completed reload, in  0.893 seconds
Platform modules already initialized, skipping
Refreshing native plugins compatible for Editor in 0.19 ms, found 0 plugins.
Preloading 0 native plugins for Editor in 0.00 ms.
Unloading 1110 Unused Serialized files (Serialized files now loaded: 0)
System memory in use before: 57.0 MB.
System memory in use after: 57.0 MB.

Unloading 5 unused Assets to reduce memory usage. Loaded Objects now: 1560.
Total: 1.837000 ms (FindLiveObjects: 0.191200 ms CreateObjectMapping: 0.051700 ms MarkObjects: 1.553200 ms  DeleteObjects: 0.040100 ms)

========================================================================
Received Import Request.
  Time since last request: 119.083022 seconds.
  path: Assets/Scripts/Enemy.cs
  artifactKey: Guid(e2fbed9173326804aac444b4e41a2713) Importer(815301076,1909f56bfc062723c751e8b465ee728b)
Start importing Assets/Scripts/Enemy.cs using Guid(e2fbed9173326804aac444b4e41a2713) Importer(815301076,1909f56bfc062723c751e8b465ee728b)  -> (artifact id: '76d789fe6fcbf0c8a068f952590c6f6a') in 0.004822 seconds
  Import took 0.006753 seconds .

========================================================================
Received Prepare
Registering precompiled user dll's ...
Registered in 0.000858 seconds.
Begin MonoManager ReloadAssembly
Native extension for WindowsStandalone target not found
Refreshing native plugins compatible for Editor in 0.17 ms, found 0 plugins.
Preloading 0 native plugins for Editor in 0.00 ms.
Invoked RoslynAnalysisRunner static constructor.
RoslynAnalysisRunner will not be running.
RoslynAnalysisRunner has terminated.
Mono: successfully reloaded assembly
- Completed reload, in  0.858 seconds
Platform modules already initialized, skipping
Refreshing native plugins compatible for Editor in 0.19 ms, found 0 plugins.
Preloading 0 native plugins for Editor in 0.00 ms.
Unloading 1110 Unused Serialized files (Serialized files now loaded: 0)
System memory in use before: 57.0 MB.
System memory in use after: 57.1 MB.

Unloading 5 unused Assets to reduce memory usage. Loaded Objects now: 1563.
Total: 1.631700 ms (FindLiveObjects: 0.160700 ms CreateObjectMapping: 0.026800 ms MarkObjects: 1.371300 ms  DeleteObjects: 0.071900 ms)

========================================================================
Received Import Request.
  Time since last request: 29.276809 seconds.
  path: Assets/Scripts/Enemy.cs
  artifactKey: Guid(e2fbed9173326804aac444b4e41a2713) Importer(815301076,1909f56bfc062723c751e8b465ee728b)
Start importing Assets/Scripts/Enemy.cs using Guid(e2fbed9173326804aac444b4e41a2713) Importer(815301076,1909f56bfc062723c751e8b465ee728b)  -> (artifact id: 'cc1b99a3238bb16219ff745e1091651d') in 0.005017 seconds
  Import took 0.007639 seconds .

========================================================================
Received Prepare
Registering precompiled user dll's ...
Registered in 0.001073 seconds.
Begin MonoManager ReloadAssembly
Native extension for WindowsStandalone target not found
Refreshing native plugins compatible for Editor in 0.21 ms, found 0 plugins.
Preloading 0 native plugins for Editor in 0.00 ms.
Invoked RoslynAnalysisRunner static constructor.
RoslynAnalysisRunner will not be running.
RoslynAnalysisRunner has terminated.
Mono: successfully reloaded assembly
- Completed reload, in  0.921 seconds
Platform modules already initialized, skipping
Refreshing native plugins compatible for Editor in 0.30 ms, found 0 plugins.
Preloading 0 native plugins for Editor in 0.00 ms.
Unloading 1110 Unused Serialized files (Serialized files now loaded: 0)
System memory in use before: 57.0 MB.
System memory in use after: 57.1 MB.

Unloading 5 unused Assets to reduce memory usage. Loaded Objects now: 1566.
Total: 1.856100 ms (FindLiveObjects: 0.150100 ms CreateObjectMapping: 0.034800 ms MarkObjects: 1.582900 ms  DeleteObjects: 0.087500 ms)

========================================================================
Received Prepare
Registering precompiled user dll's ...
Registered in 0.001218 seconds.
Begin MonoManager ReloadAssembly
Native extension for WindowsStandalone target not found
Refreshing native plugins compatible for Editor in 0.17 ms, found 0 plugins.
Preloading 0 native plugins for Editor in 0.00 ms.
Invoked RoslynAnalysisRunner static constructor.
RoslynAnalysisRunner will not be running.
RoslynAnalysisRunner has terminated.
Mono: successfully reloaded assembly
- Completed reload, in  0.781 seconds
Platform modules already initialized, skipping
Refreshing native plugins compatible for Editor in 0.27 ms, found 0 plugins.
Preloading 0 native plugins for Editor in 0.00 ms.
Unloading 1110 Unused Serialized files (Serialized files now loaded: 0)
System memory in use before: 57.0 MB.
System memory in use after: 57.1 MB.

Unloading 5 unused Assets to reduce memory usage. Loaded Objects now: 1569.
Total: 1.491700 ms (FindLiveObjects: 0.167100 ms CreateObjectMapping: 0.030000 ms MarkObjects: 1.258100 ms  DeleteObjects: 0.035800 ms)

========================================================================
Received Import Request.
  Time since last request: 3610.909770 seconds.
  path: Assets/Scripts/Player.cs
  artifactKey: Guid(8b729237540f3f94195ef413126596a9) Importer(815301076,1909f56bfc062723c751e8b465ee728b)
Start importing Assets/Scripts/Player.cs using Guid(8b729237540f3f94195ef413126596a9) Importer(815301076,1909f56bfc062723c751e8b465ee728b)  -> (artifact id: 'a74f09c2430397c6991c1bd1b681e18f') in 0.004790 seconds
  Import took 0.008156 seconds .

========================================================================
Received Import Request.
  Time since last request: 48.005658 seconds.
  path: Assets/Scripts/Player.cs
  artifactKey: Guid(8b729237540f3f94195ef413126596a9) Importer(815301076,1909f56bfc062723c751e8b465ee728b)
Start importing Assets/Scripts/Player.cs using Guid(8b729237540f3f94195ef413126596a9) Importer(815301076,1909f56bfc062723c751e8b465ee728b)  -> (artifact id: '2a03f6d2fb92b7cf6001819ef1af660d') in 0.002276 seconds
  Import took 0.004172 seconds .

========================================================================
Received Prepare
Registering precompiled user dll's ...
Registered in 0.000652 seconds.
Begin MonoManager ReloadAssembly
Native extension for WindowsStandalone target not found
Refreshing native plugins compatible for Editor in 0.18 ms, found 0 plugins.
Preloading 0 native plugins for Editor in 0.00 ms.
Invoked RoslynAnalysisRunner static constructor.
RoslynAnalysisRunner will not be running.
RoslynAnalysisRunner has terminated.
Mono: successfully reloaded assembly
- Completed reload, in  0.831 seconds
Platform modules already initialized, skipping
Refreshing native plugins compatible for Editor in 0.20 ms, found 0 plugins.
Preloading 0 native plugins for Editor in 0.00 ms.
Unloading 1110 Unused Serialized files (Serialized files now loaded: 0)
System memory in use before: 57.0 MB.
System memory in use after: 57.1 MB.

Unloading 5 unused Assets to reduce memory usage. Loaded Objects now: 1572.
Total: 2.548200 ms (FindLiveObjects: 0.137700 ms CreateObjectMapping: 0.038600 ms MarkObjects: 2.316000 ms  DeleteObjects: 0.054600 ms)

========================================================================
Received Import Request.
  Time since last request: 1664.920012 seconds.
  path: Assets/Scripts/Player.cs
  artifactKey: Guid(8b729237540f3f94195ef413126596a9) Importer(815301076,1909f56bfc062723c751e8b465ee728b)
Start importing Assets/Scripts/Player.cs using Guid(8b729237540f3f94195ef413126596a9) Importer(815301076,1909f56bfc062723c751e8b465ee728b)  -> (artifact id: '8d110ea8316804b9802031868671a193') in 0.003505 seconds
  Import took 0.005197 seconds .

========================================================================
Received Prepare
Registering precompiled user dll's ...
Registered in 0.000642 seconds.
Begin MonoManager ReloadAssembly
Native extension for WindowsStandalone target not found
Refreshing native plugins compatible for Editor in 0.17 ms, found 0 plugins.
Preloading 0 native plugins for Editor in 0.00 ms.
Invoked RoslynAnalysisRunner static constructor.
RoslynAnalysisRunner will not be running.
RoslynAnalysisRunner has terminated.
Mono: successfully reloaded assembly
- Completed reload, in  0.738 seconds
Platform modules already initialized, skipping
Refreshing native plugins compatible for Editor in 0.17 ms, found 0 plugins.
Preloading 0 native plugins for Editor in 0.00 ms.
Unloading 1110 Unused Serialized files (Serialized files now loaded: 0)
System memory in use before: 57.0 MB.
System memory in use after: 57.1 MB.

Unloading 5 unused Assets to reduce memory usage. Loaded Objects now: 1575.
Total: 1.842300 ms (FindLiveObjects: 0.179300 ms CreateObjectMapping: 0.050100 ms MarkObjects: 1.568000 ms  DeleteObjects: 0.043500 ms)

========================================================================
Received Import Request.
  Time since last request: 320.896257 seconds.
  path: Assets/Scripts/Player.cs
  artifactKey: Guid(8b729237540f3f94195ef413126596a9) Importer(815301076,1909f56bfc062723c751e8b465ee728b)
Start importing Assets/Scripts/Player.cs using Guid(8b729237540f3f94195ef413126596a9) Importer(815301076,1909f56bfc062723c751e8b465ee728b)  -> (artifact id: 'e3a7d159bcece23cd1b044c0b43a476f') in 0.003292 seconds
  Import took 0.004820 seconds .

========================================================================
Received Prepare
Registering precompiled user dll's ...
Registered in 0.000559 seconds.
Begin MonoManager ReloadAssembly
Native extension for WindowsStandalone target not found
Refreshing native plugins compatible for Editor in 0.17 ms, found 0 plugins.
Preloading 0 native plugins for Editor in 0.00 ms.
Invoked RoslynAnalysisRunner static constructor.
RoslynAnalysisRunner will not be running.
RoslynAnalysisRunner has terminated.
Mono: successfully reloaded assembly
- Completed reload, in  0.707 seconds
Platform modules already initialized, skipping
Refreshing native plugins compatible for Editor in 0.22 ms, found 0 plugins.
Preloading 0 native plugins for Editor in 0.00 ms.
Unloading 1110 Unused Serialized files (Serialized files now loaded: 0)
System memory in use before: 57.0 MB.
System memory in use after: 57.1 MB.

Unloading 5 unused Assets to reduce memory usage. Loaded Objects now: 1578.
Total: 1.640400 ms (FindLiveObjects: 0.131500 ms CreateObjectMapping: 0.029200 ms MarkObjects: 1.436300 ms  DeleteObjects: 0.042300 ms)

========================================================================
Received Prepare
Registering precompiled user dll's ...
Registered in 0.000787 seconds.
Begin MonoManager ReloadAssembly
Native extension for WindowsStandalone target not found
Refreshing native plugins compatible for Editor in 0.17 ms, found 0 plugins.
Preloading 0 native plugins for Editor in 0.00 ms.
Invoked RoslynAnalysisRunner static constructor.
RoslynAnalysisRunner will not be running.
RoslynAnalysisRunner has terminated.
Mono: successfully reloaded assembly
- Completed reload, in  0.709 seconds
Platform modules already initialized, skipping
Refreshing native plugins compatible for Editor in 0.20 ms, found 0 plugins.
Preloading 0 native plugins for Editor in 0.00 ms.
Unloading 1110 Unused Serialized files (Serialized files now loaded: 0)
System memory in use before: 57.0 MB.
System memory in use after: 57.1 MB.

Unloading 5 unused Assets to reduce memory usage. Loaded Objects now: 1581.
Total: 1.458600 ms (FindLiveObjects: 0.117600 ms CreateObjectMapping: 0.034700 ms MarkObjects: 1.260600 ms  DeleteObjects: 0.044400 ms)

========================================================================
Received Import Request.
  Time since last request: 1393.315550 seconds.
  path: Assets/Animations/MainSprite.controller
  artifactKey: Guid(9eddd0ad617a7b04db69934932c90798) Importer(815301076,1909f56bfc062723c751e8b465ee728b)
Start importing Assets/Animations/MainSprite.controller using Guid(9eddd0ad617a7b04db69934932c90798) Importer(815301076,1909f56bfc062723c751e8b465ee728b)  -> (artifact id: '4d05ead7e95757334a8d4be59de55f53') in 0.023941 seconds
  Import took 0.026142 seconds .

========================================================================
Received Import Request.
  Time since last request: 292.565069 seconds.
  path: Assets/Animations/Cube.controller
  artifactKey: Guid(d3de2ccdca0b48643a8e86dcdcd47401) Importer(815301076,1909f56bfc062723c751e8b465ee728b)
Start importing Assets/Animations/Cube.controller using Guid(d3de2ccdca0b48643a8e86dcdcd47401) Importer(815301076,1909f56bfc062723c751e8b465ee728b)  -> (artifact id: 'c81da6872cd9252923f6e78d1fb1e25c') in 0.011132 seconds
  Import took 0.014147 seconds .

========================================================================
Received Import Request.
  Time since last request: 18.947557 seconds.
  path: Assets/Animations/Player_walk_left.anim
  artifactKey: Guid(7d1347ce306e8784c8aef6fd6e3d392b) Importer(815301076,1909f56bfc062723c751e8b465ee728b)
Start importing Assets/Animations/Player_walk_left.anim using Guid(7d1347ce306e8784c8aef6fd6e3d392b) Importer(815301076,1909f56bfc062723c751e8b465ee728b)  -> (artifact id: 'c364d5a67c3ef52089b927d7e1d0a4f8') in 0.009406 seconds
  Import took 0.011484 seconds .

========================================================================
Received Import Request.
  Time since last request: 28.583843 seconds.
  path: Assets/Animations/player_Idle.anim
  artifactKey: Guid(4c3bfffc764c7f047b9c36bf02723e86) Importer(815301076,1909f56bfc062723c751e8b465ee728b)
Start importing Assets/Animations/player_Idle.anim using Guid(4c3bfffc764c7f047b9c36bf02723e86) Importer(815301076,1909f56bfc062723c751e8b465ee728b)  -> (artifact id: '14dcc6dfa04777e5e9d8de4a8f2d1e53') in 0.009824 seconds
  Import took 0.011970 seconds .

========================================================================
Received Import Request.
  Time since last request: 20.697948 seconds.
  path: Assets/Animations/Player_walk_up.anim
  artifactKey: Guid(4e4b01775eb0bbf42b961cabf82c7f58) Importer(815301076,1909f56bfc062723c751e8b465ee728b)
Start importing Assets/Animations/Player_walk_up.anim using Guid(4e4b01775eb0bbf42b961cabf82c7f58) Importer(815301076,1909f56bfc062723c751e8b465ee728b)  -> (artifact id: '2d50b48cf5ec4f27beef5940a7427716') in 0.010108 seconds
  Import took 0.012519 seconds .

========================================================================
Received Import Request.
  Time since last request: 3.410705 seconds.
  path: Assets/Animations/Player_walk_right.anim
  artifactKey: Guid(e128a856750a54e4488bb3dadbf8393a) Importer(815301076,1909f56bfc062723c751e8b465ee728b)
Start importing Assets/Animations/Player_walk_right.anim using Guid(e128a856750a54e4488bb3dadbf8393a) Importer(815301076,1909f56bfc062723c751e8b465ee728b)  -> (artifact id: '9abc008cf36edeba08fb254a58700f0a') in 0.008444 seconds
  Import took 0.010271 seconds .

========================================================================
Received Prepare
Registering precompiled user dll's ...
Registered in 0.000553 seconds.
Begin MonoManager ReloadAssembly
Native extension for WindowsStandalone target not found
Refreshing native plugins compatible for Editor in 0.18 ms, found 0 plugins.
Preloading 0 native plugins for Editor in 0.00 ms.
Invoked RoslynAnalysisRunner static constructor.
RoslynAnalysisRunner will not be running.
RoslynAnalysisRunner has terminated.
Mono: successfully reloaded assembly
- Completed reload, in  0.833 seconds
Platform modules already initialized, skipping
Refreshing native plugins compatible for Editor in 0.17 ms, found 0 plugins.
Preloading 0 native plugins for Editor in 0.00 ms.
Unloading 1110 Unused Serialized files (Serialized files now loaded: 0)
System memory in use before: 57.1 MB.
System memory in use after: 57.1 MB.

Unloading 5 unused Assets to reduce memory usage. Loaded Objects now: 1584.
Total: 1.603000 ms (FindLiveObjects: 0.128600 ms CreateObjectMapping: 0.030700 ms MarkObjects: 1.401600 ms  DeleteObjects: 0.040900 ms)

========================================================================
Received Import Request.
  Time since last request: 3453.161369 seconds.
  path: Assets/Animations/MainSprite.controller
  artifactKey: Guid(9eddd0ad617a7b04db69934932c90798) Importer(815301076,1909f56bfc062723c751e8b465ee728b)
Start importing Assets/Animations/MainSprite.controller using Guid(9eddd0ad617a7b04db69934932c90798) Importer(815301076,1909f56bfc062723c751e8b465ee728b)  -> (artifact id: '9aaee13cdd9e682cdd8a1fa5ea687907') in 0.017148 seconds
  Import took 0.019917 seconds .

========================================================================
Received Import Request.
  Time since last request: 4.175641 seconds.
  path: Assets/Animations/Player.controller
  artifactKey: Guid(9eddd0ad617a7b04db69934932c90798) Importer(815301076,1909f56bfc062723c751e8b465ee728b)
Start importing Assets/Animations/Player.controller using Guid(9eddd0ad617a7b04db69934932c90798) Importer(815301076,1909f56bfc062723c751e8b465ee728b)  -> (artifact id: '03dec77f9d2766cc8892c3b8a089c2fe') in 0.019377 seconds
  Import took 0.023408 seconds .

========================================================================
Received Prepare
Registering precompiled user dll's ...
Registered in 0.000891 seconds.
Begin MonoManager ReloadAssembly
Native extension for WindowsStandalone target not found
Refreshing native plugins compatible for Editor in 0.40 ms, found 0 plugins.
Preloading 0 native plugins for Editor in 0.00 ms.
Invoked RoslynAnalysisRunner static constructor.
RoslynAnalysisRunner will not be running.
RoslynAnalysisRunner has terminated.
Mono: successfully reloaded assembly
- Completed reload, in  0.976 seconds
Platform modules already initialized, skipping
Refreshing native plugins compatible for Editor in 0.17 ms, found 0 plugins.
Preloading 0 native plugins for Editor in 0.00 ms.
Unloading 1110 Unused Serialized files (Serialized files now loaded: 0)
System memory in use before: 57.1 MB.
System memory in use after: 57.1 MB.

Unloading 5 unused Assets to reduce memory usage. Loaded Objects now: 1587.
Total: 1.937000 ms (FindLiveObjects: 0.295900 ms CreateObjectMapping: 0.062200 ms MarkObjects: 1.500200 ms  DeleteObjects: 0.077400 ms)

========================================================================
Received Prepare
Registering precompiled user dll's ...
Registered in 0.000802 seconds.
Begin MonoManager ReloadAssembly
Native extension for WindowsStandalone target not found
Refreshing native plugins compatible for Editor in 0.17 ms, found 0 plugins.
Preloading 0 native plugins for Editor in 0.00 ms.
Invoked RoslynAnalysisRunner static constructor.
RoslynAnalysisRunner will not be running.
RoslynAnalysisRunner has terminated.
Mono: successfully reloaded assembly
- Completed reload, in  0.884 seconds
Platform modules already initialized, skipping
Refreshing native plugins compatible for Editor in 0.33 ms, found 0 plugins.
Preloading 0 native plugins for Editor in 0.00 ms.
Unloading 1110 Unused Serialized files (Serialized files now loaded: 0)
System memory in use before: 57.1 MB.
System memory in use after: 57.1 MB.

Unloading 5 unused Assets to reduce memory usage. Loaded Objects now: 1590.
Total: 2.349400 ms (FindLiveObjects: 0.219000 ms CreateObjectMapping: 0.034800 ms MarkObjects: 2.009900 ms  DeleteObjects: 0.084500 ms)

========================================================================
Received Import Request.
  Time since last request: 2358.611025 seconds.
  path: Assets/Animations/Player.controller
  artifactKey: Guid(9eddd0ad617a7b04db69934932c90798) Importer(815301076,1909f56bfc062723c751e8b465ee728b)
Start importing Assets/Animations/Player.controller using Guid(9eddd0ad617a7b04db69934932c90798) Importer(815301076,1909f56bfc062723c751e8b465ee728b)  -> (artifact id: '4285c668d6c31f1f3acce5c2b3fc3f22') in 0.027909 seconds
  Import took 0.032165 seconds .

========================================================================
Received Import Request.
  Time since last request: 10.799248 seconds.
  path: Assets/Animations/player_Attack.anim
  artifactKey: Guid(4181c617f56645841b2aeed41194db54) Importer(815301076,1909f56bfc062723c751e8b465ee728b)
Start importing Assets/Animations/player_Attack.anim using Guid(4181c617f56645841b2aeed41194db54) Importer(815301076,1909f56bfc062723c751e8b465ee728b)  -> (artifact id: 'ddc50223a08bbd4bab444f458e726f11') in 0.010289 seconds
  Import took 0.012504 seconds .

========================================================================
Received Prepare
Registering precompiled user dll's ...
Registered in 0.000688 seconds.
Begin MonoManager ReloadAssembly
Native extension for WindowsStandalone target not found
Refreshing native plugins compatible for Editor in 0.17 ms, found 0 plugins.
Preloading 0 native plugins for Editor in 0.00 ms.
Invoked RoslynAnalysisRunner static constructor.
RoslynAnalysisRunner will not be running.
RoslynAnalysisRunner has terminated.
Mono: successfully reloaded assembly
- Completed reload, in  0.879 seconds
Platform modules already initialized, skipping
Refreshing native plugins compatible for Editor in 0.17 ms, found 0 plugins.
Preloading 0 native plugins for Editor in 0.00 ms.
Unloading 1110 Unused Serialized files (Serialized files now loaded: 0)
System memory in use before: 57.1 MB.
System memory in use after: 57.2 MB.

Unloading 5 unused Assets to reduce memory usage. Loaded Objects now: 1593.
Total: 1.829000 ms (FindLiveObjects: 0.207100 ms CreateObjectMapping: 0.030200 ms MarkObjects: 1.507600 ms  DeleteObjects: 0.083300 ms)

========================================================================
Received Prepare
Registering precompiled user dll's ...
Registered in 0.000608 seconds.
Begin MonoManager ReloadAssembly
Native extension for WindowsStandalone target not found
Refreshing native plugins compatible for Editor in 0.17 ms, found 0 plugins.
Preloading 0 native plugins for Editor in 0.00 ms.
Invoked RoslynAnalysisRunner static constructor.
RoslynAnalysisRunner will not be running.
RoslynAnalysisRunner has terminated.
Mono: successfully reloaded assembly
- Completed reload, in  0.856 seconds
Platform modules already initialized, skipping
Refreshing native plugins compatible for Editor in 0.36 ms, found 0 plugins.
Preloading 0 native plugins for Editor in 0.00 ms.
Unloading 1110 Unused Serialized files (Serialized files now loaded: 0)
System memory in use before: 57.1 MB.
System memory in use after: 57.2 MB.

Unloading 5 unused Assets to reduce memory usage. Loaded Objects now: 1596.
Total: 1.800100 ms (FindLiveObjects: 0.160800 ms CreateObjectMapping: 0.028400 ms MarkObjects: 1.531700 ms  DeleteObjects: 0.078300 ms)

========================================================================
Received Import Request.
  Time since last request: 463.961688 seconds.
  path: Assets/Animations/Player.controller
  artifactKey: Guid(9eddd0ad617a7b04db69934932c90798) Importer(815301076,1909f56bfc062723c751e8b465ee728b)
Start importing Assets/Animations/Player.controller using Guid(9eddd0ad617a7b04db69934932c90798) Importer(815301076,1909f56bfc062723c751e8b465ee728b)  -> (artifact id: 'f87a10c2d8c36946e7b40e36ff904e5d') in 0.017612 seconds
  Import took 0.021428 seconds .

========================================================================
Received Import Request.
  Time since last request: 0.002007 seconds.
  path: Assets/Animations/Player.controller
  artifactKey: Guid(9eddd0ad617a7b04db69934932c90798) Importer(815301076,1909f56bfc062723c751e8b465ee728b)
Start importing Assets/Animations/Player.controller using Guid(9eddd0ad617a7b04db69934932c90798) Importer(815301076,1909f56bfc062723c751e8b465ee728b)  -> (artifact id: 'f87a10c2d8c36946e7b40e36ff904e5d') in 0.007709 seconds
  Import took 0.010831 seconds .

========================================================================
Received Prepare
Registering precompiled user dll's ...
Registered in 0.000655 seconds.
Begin MonoManager ReloadAssembly
Native extension for WindowsStandalone target not found
Refreshing native plugins compatible for Editor in 0.54 ms, found 0 plugins.
Preloading 0 native plugins for Editor in 0.00 ms.
Invoked RoslynAnalysisRunner static constructor.
RoslynAnalysisRunner will not be running.
RoslynAnalysisRunner has terminated.
Mono: successfully reloaded assembly
- Completed reload, in  0.958 seconds
Platform modules already initialized, skipping
Refreshing native plugins compatible for Editor in 0.20 ms, found 0 plugins.
Preloading 0 native plugins for Editor in 0.00 ms.
Unloading 1110 Unused Serialized files (Serialized files now loaded: 0)
System memory in use before: 57.1 MB.
System memory in use after: 57.2 MB.

Unloading 5 unused Assets to reduce memory usage. Loaded Objects now: 1599.
Total: 2.298800 ms (FindLiveObjects: 0.180600 ms CreateObjectMapping: 0.078900 ms MarkObjects: 2.000900 ms  DeleteObjects: 0.037600 ms)

========================================================================
Received Prepare
Registering precompiled user dll's ...
Registered in 0.000851 seconds.
Begin MonoManager ReloadAssembly
Native extension for WindowsStandalone target not found
Refreshing native plugins compatible for Editor in 0.21 ms, found 0 plugins.
Preloading 0 native plugins for Editor in 0.00 ms.
Invoked RoslynAnalysisRunner static constructor.
RoslynAnalysisRunner will not be running.
RoslynAnalysisRunner has terminated.
Mono: successfully reloaded assembly
- Completed reload, in  0.904 seconds
Platform modules already initialized, skipping
Refreshing native plugins compatible for Editor in 0.25 ms, found 0 plugins.
Preloading 0 native plugins for Editor in 0.00 ms.
Unloading 1110 Unused Serialized files (Serialized files now loaded: 0)
System memory in use before: 57.1 MB.
System memory in use after: 57.2 MB.

Unloading 5 unused Assets to reduce memory usage. Loaded Objects now: 1602.
Total: 1.631900 ms (FindLiveObjects: 0.178300 ms CreateObjectMapping: 0.028900 ms MarkObjects: 1.387200 ms  DeleteObjects: 0.035500 ms)

========================================================================
Received Prepare
Registering precompiled user dll's ...
Registered in 0.000551 seconds.
Begin MonoManager ReloadAssembly
Native extension for WindowsStandalone target not found
Refreshing native plugins compatible for Editor in 0.18 ms, found 0 plugins.
Preloading 0 native plugins for Editor in 0.00 ms.
Invoked RoslynAnalysisRunner static constructor.
RoslynAnalysisRunner will not be running.
RoslynAnalysisRunner has terminated.
Mono: successfully reloaded assembly
- Completed reload, in  0.856 seconds
Platform modules already initialized, skipping
Refreshing native plugins compatible for Editor in 0.17 ms, found 0 plugins.
Preloading 0 native plugins for Editor in 0.00 ms.
Unloading 1110 Unused Serialized files (Serialized files now loaded: 0)
System memory in use before: 57.1 MB.
System memory in use after: 57.2 MB.

Unloading 5 unused Assets to reduce memory usage. Loaded Objects now: 1605.
Total: 2.065300 ms (FindLiveObjects: 0.145900 ms CreateObjectMapping: 0.168800 ms MarkObjects: 1.660300 ms  DeleteObjects: 0.089300 ms)

========================================================================
Received Prepare
Registering precompiled user dll's ...
Registered in 0.000563 seconds.
Begin MonoManager ReloadAssembly
Native extension for WindowsStandalone target not found
Refreshing native plugins compatible for Editor in 0.17 ms, found 0 plugins.
Preloading 0 native plugins for Editor in 0.00 ms.
Invoked RoslynAnalysisRunner static constructor.
RoslynAnalysisRunner will not be running.
RoslynAnalysisRunner has terminated.
Mono: successfully reloaded assembly
- Completed reload, in  0.854 seconds
Platform modules already initialized, skipping
Refreshing native plugins compatible for Editor in 0.21 ms, found 0 plugins.
Preloading 0 native plugins for Editor in 0.00 ms.
Unloading 1110 Unused Serialized files (Serialized files now loaded: 0)
System memory in use before: 57.1 MB.
System memory in use after: 57.2 MB.

Unloading 5 unused Assets to reduce memory usage. Loaded Objects now: 1608.
Total: 1.900700 ms (FindLiveObjects: 0.163000 ms CreateObjectMapping: 0.039600 ms MarkObjects: 1.641600 ms  DeleteObjects: 0.055500 ms)

========================================================================
Received Import Request.
  Time since last request: 362.840587 seconds.
  path: Assets/Animations/player_Attack.anim
  artifactKey: Guid(4181c617f56645841b2aeed41194db54) Importer(815301076,1909f56bfc062723c751e8b465ee728b)
Start importing Assets/Animations/player_Attack.anim using Guid(4181c617f56645841b2aeed41194db54) Importer(815301076,1909f56bfc062723c751e8b465ee728b)  -> (artifact id: '3fe1d5bc2618a7e2882fe24b2e481682') in 0.012865 seconds
  Import took 0.014955 seconds .

========================================================================
Received Prepare
Registering precompiled user dll's ...
Registered in 0.000560 seconds.
Begin MonoManager ReloadAssembly
Native extension for WindowsStandalone target not found
Refreshing native plugins compatible for Editor in 0.28 ms, found 0 plugins.
Preloading 0 native plugins for Editor in 0.00 ms.
Invoked RoslynAnalysisRunner static constructor.
RoslynAnalysisRunner will not be running.
RoslynAnalysisRunner has terminated.
Mono: successfully reloaded assembly
- Completed reload, in  0.911 seconds
Platform modules already initialized, skipping
Refreshing native plugins compatible for Editor in 0.19 ms, found 0 plugins.
Preloading 0 native plugins for Editor in 0.00 ms.
Unloading 1110 Unused Serialized files (Serialized files now loaded: 0)
System memory in use before: 57.1 MB.
System memory in use after: 57.2 MB.

Unloading 5 unused Assets to reduce memory usage. Loaded Objects now: 1611.
Total: 2.204400 ms (FindLiveObjects: 0.179300 ms CreateObjectMapping: 0.053900 ms MarkObjects: 1.865400 ms  DeleteObjects: 0.104900 ms)

========================================================================
Received Import Request.
  Time since last request: 46.872569 seconds.
  path: Assets/Animations/Player.controller
  artifactKey: Guid(9eddd0ad617a7b04db69934932c90798) Importer(815301076,1909f56bfc062723c751e8b465ee728b)
Start importing Assets/Animations/Player.controller using Guid(9eddd0ad617a7b04db69934932c90798) Importer(815301076,1909f56bfc062723c751e8b465ee728b)  -> (artifact id: 'd9969e91fb5d00cc8fd5afabb097be8c') in 0.018892 seconds
  Import took 0.022008 seconds .

========================================================================
Received Import Request.
  Time since last request: 70.101401 seconds.
  path: Assets/Animations/Player.controller
  artifactKey: Guid(9eddd0ad617a7b04db69934932c90798) Importer(815301076,1909f56bfc062723c751e8b465ee728b)
Start importing Assets/Animations/Player.controller using Guid(9eddd0ad617a7b04db69934932c90798) Importer(815301076,1909f56bfc062723c751e8b465ee728b)  -> (artifact id: '75804b688d58b21fbf43235abb23500f') in 0.005325 seconds
  Import took 0.007803 seconds .

========================================================================
Received Prepare
Registering precompiled user dll's ...
Registered in 0.001224 seconds.
Begin MonoManager ReloadAssembly
Native extension for WindowsStandalone target not found
Refreshing native plugins compatible for Editor in 0.17 ms, found 0 plugins.
Preloading 0 native plugins for Editor in 0.00 ms.
Invoked RoslynAnalysisRunner static constructor.
RoslynAnalysisRunner will not be running.
RoslynAnalysisRunner has terminated.
Mono: successfully reloaded assembly
- Completed reload, in  0.769 seconds
Platform modules already initialized, skipping
Refreshing native plugins compatible for Editor in 0.29 ms, found 0 plugins.
Preloading 0 native plugins for Editor in 0.00 ms.
Unloading 1110 Unused Serialized files (Serialized files now loaded: 0)
System memory in use before: 57.1 MB.
System memory in use after: 57.2 MB.

Unloading 5 unused Assets to reduce memory usage. Loaded Objects now: 1614.
Total: 1.576500 ms (FindLiveObjects: 0.111200 ms CreateObjectMapping: 0.031200 ms MarkObjects: 1.394100 ms  DeleteObjects: 0.038900 ms)

========================================================================
Received Prepare
Registering precompiled user dll's ...
Registered in 0.001646 seconds.
Begin MonoManager ReloadAssembly
Native extension for WindowsStandalone target not found
Refreshing native plugins compatible for Editor in 0.27 ms, found 1 plugins.
Preloading 0 native plugins for Editor in 0.00 ms.
Invoked RoslynAnalysisRunner static constructor.
RoslynAnalysisRunner will not be running.
RoslynAnalysisRunner has terminated.
Mono: successfully reloaded assembly
- Completed reload, in  0.874 seconds
Platform modules already initialized, skipping
Refreshing native plugins compatible for Editor in 0.30 ms, found 1 plugins.
Preloading 0 native plugins for Editor in 0.00 ms.
Unloading 1605 Unused Serialized files (Serialized files now loaded: 0)
System memory in use before: 78.8 MB.
System memory in use after: 78.8 MB.

Unloading 11 unused Assets to reduce memory usage. Loaded Objects now: 2112.
Total: 2.545200 ms (FindLiveObjects: 0.242300 ms CreateObjectMapping: 0.139300 ms MarkObjects: 2.028100 ms  DeleteObjects: 0.134700 ms)

========================================================================
Received Prepare
Registering precompiled user dll's ...
Registered in 0.000805 seconds.
Begin MonoManager ReloadAssembly
Native extension for WindowsStandalone target not found
Refreshing native plugins compatible for Editor in 0.35 ms, found 1 plugins.
Preloading 0 native plugins for Editor in 0.00 ms.
Invoked RoslynAnalysisRunner static constructor.
RoslynAnalysisRunner will not be running.
RoslynAnalysisRunner has terminated.
Mono: successfully reloaded assembly
- Completed reload, in  1.005 seconds
Platform modules already initialized, skipping
Refreshing native plugins compatible for Editor in 0.33 ms, found 1 plugins.
Preloading 0 native plugins for Editor in 0.00 ms.
Unloading 1645 Unused Serialized files (Serialized files now loaded: 0)
System memory in use before: 80.0 MB.
System memory in use after: 80.0 MB.

Unloading 11 unused Assets to reduce memory usage. Loaded Objects now: 2160.
Total: 2.062400 ms (FindLiveObjects: 0.243000 ms CreateObjectMapping: 0.052900 ms MarkObjects: 1.691400 ms  DeleteObjects: 0.074000 ms)

========================================================================
Received Prepare
Registering precompiled user dll's ...
Registered in 0.001057 seconds.
Begin MonoManager ReloadAssembly
Native extension for WindowsStandalone target not found
Refreshing native plugins compatible for Editor in 0.61 ms, found 1 plugins.
Preloading 0 native plugins for Editor in 0.00 ms.
Invoked RoslynAnalysisRunner static constructor.
RoslynAnalysisRunner will not be running.
RoslynAnalysisRunner has terminated.
Mono: successfully reloaded assembly
- Completed reload, in  0.963 seconds
Platform modules already initialized, skipping
Refreshing native plugins compatible for Editor in 0.29 ms, found 1 plugins.
Preloading 0 native plugins for Editor in 0.00 ms.
Unloading 1655 Unused Serialized files (Serialized files now loaded: 0)
System memory in use before: 80.3 MB.
System memory in use after: 80.4 MB.

Unloading 11 unused Assets to reduce memory usage. Loaded Objects now: 2174.
Total: 2.316400 ms (FindLiveObjects: 0.210500 ms CreateObjectMapping: 0.081500 ms MarkObjects: 1.874700 ms  DeleteObjects: 0.149000 ms)

========================================================================
Received Prepare
Registering precompiled user dll's ...
Registered in 0.001019 seconds.
Begin MonoManager ReloadAssembly
Native extension for WindowsStandalone target not found
Refreshing native plugins compatible for Editor in 0.38 ms, found 1 plugins.
Preloading 0 native plugins for Editor in 0.00 ms.
Invoked RoslynAnalysisRunner static constructor.
RoslynAnalysisRunner will not be running.
RoslynAnalysisRunner has terminated.
Mono: successfully reloaded assembly
- Completed reload, in  0.878 seconds
Platform modules already initialized, skipping
Refreshing native plugins compatible for Editor in 0.34 ms, found 1 plugins.
Preloading 0 native plugins for Editor in 0.00 ms.
Unloading 1655 Unused Serialized files (Serialized files now loaded: 0)
System memory in use before: 80.4 MB.
System memory in use after: 80.4 MB.

Unloading 11 unused Assets to reduce memory usage. Loaded Objects now: 2178.
Total: 2.239200 ms (FindLiveObjects: 0.225000 ms CreateObjectMapping: 0.067100 ms MarkObjects: 1.807400 ms  DeleteObjects: 0.139100 ms)

AssetImportWorkerClient::OnTransportError - code=2 error=End of file
